\BOOKMARK [0][-]{section*.5}{\376\377\000R\000E\000S\000U\000M\000E\000N}{}% 1
\BOOKMARK [0][-]{section*.7}{\376\377\000A\000B\000S\000T\000R\000A\000C\000T}{}% 2
\BOOKMARK [0][-]{Contenido.0}{\376\377\000C\000o\000n\000t\000e\000n\000i\000d\000o}{}% 3
\BOOKMARK [0][-]{chapter.1}{\376\377\000D\000E\000S\000C\000R\000I\000P\000C\000I\000\323\000N\000\040\000D\000E\000L\000\040\000C\000O\000M\000P\000O\000N\000E\000N\000T\000E\000\040\000D\000E\000S\000A\000R\000R\000O\000L\000L\000A\000D\000O}{}% 4
\BOOKMARK [1][-]{section.1.1}{\376\377\000D\000e\000s\000c\000r\000i\000p\000c\000i\000\363\000n\000\040\000d\000e\000l\000\040\000C\000o\000m\000p\000o\000n\000e\000n\000t\000e}{chapter.1}% 5
\BOOKMARK [1][-]{section.1.2}{\376\377\000O\000b\000j\000e\000t\000i\000v\000o\000\040\000G\000e\000n\000e\000r\000a\000l}{chapter.1}% 6
\BOOKMARK [1][-]{section.1.3}{\376\377\000O\000b\000j\000e\000t\000i\000v\000o\000s\000\040\000E\000s\000p\000e\000c\000\355\000f\000i\000c\000o\000s}{chapter.1}% 7
\BOOKMARK [1][-]{section.1.4}{\376\377\000A\000l\000c\000a\000n\000c\000e}{chapter.1}% 8
\BOOKMARK [1][-]{section.1.5}{\376\377\000M\000a\000r\000c\000o\000\040\000T\000e\000\363\000r\000i\000c\000o}{chapter.1}% 9
\BOOKMARK [2][-]{subsection.1.5.1}{\376\377\000A\000t\000a\000q\000u\000e\000s\000\040\000d\000e\000\040\000F\000u\000e\000r\000z\000a\000\040\000B\000r\000u\000t\000a}{section.1.5}% 10
\BOOKMARK [3][-]{subsubsection.1.5.1.1}{\376\377\000T\000a\000x\000o\000n\000o\000m\000\355\000a\000\040\000d\000e\000\040\000A\000t\000a\000q\000u\000e\000s}{subsection.1.5.1}% 11
\BOOKMARK [3][-]{subsubsection.1.5.1.2}{\376\377\000T\000\351\000c\000n\000i\000c\000a\000s\000\040\000d\000e\000\040\000E\000v\000a\000s\000i\000\363\000n}{subsection.1.5.1}% 12
\BOOKMARK [2][-]{subsection.1.5.2}{\376\377\000L\000a\000r\000g\000e\000\040\000L\000a\000n\000g\000u\000a\000g\000e\000\040\000M\000o\000d\000e\000l\000s\000\040\000y\000\040\000A\000p\000l\000i\000c\000a\000c\000i\000o\000n\000e\000s\000\040\000M\000a\000l\000i\000c\000i\000o\000s\000a\000s}{section.1.5}% 13
\BOOKMARK [3][-]{subsubsection.1.5.2.1}{\376\377\000C\000a\000p\000a\000c\000i\000d\000a\000d\000e\000s\000\040\000T\000\351\000c\000n\000i\000c\000a\000s}{subsection.1.5.2}% 14
\BOOKMARK [3][-]{subsubsection.1.5.2.2}{\376\377\000P\000r\000o\000m\000p\000t\000\040\000E\000n\000g\000i\000n\000e\000e\000r\000i\000n\000g}{subsection.1.5.2}% 15
\BOOKMARK [2][-]{subsection.1.5.3}{\376\377\000P\000r\000o\000m\000p\000t\000\040\000I\000n\000j\000e\000c\000t\000i\000o\000n\000\040\000y\000\040\000J\000a\000i\000l\000b\000r\000e\000a\000k\000i\000n\000g}{section.1.5}% 16
\BOOKMARK [3][-]{subsubsection.1.5.3.1}{\376\377\000T\000\351\000c\000n\000i\000c\000a\000s\000\040\000d\000e\000\040\000J\000a\000i\000l\000b\000r\000e\000a\000k\000i\000n\000g}{subsection.1.5.3}% 17
\BOOKMARK [2][-]{subsection.1.5.4}{\376\377\000S\000i\000s\000t\000e\000m\000a\000s\000\040\000d\000e\000\040\000D\000e\000t\000e\000c\000c\000i\000\363\000n\000:\000\040\000S\000N\000O\000R\000T}{section.1.5}% 18
\BOOKMARK [3][-]{subsubsection.1.5.4.1}{\376\377\000A\000r\000q\000u\000i\000t\000e\000c\000t\000u\000r\000a\000\040\000y\000\040\000F\000u\000n\000c\000i\000o\000n\000a\000m\000i\000e\000n\000t\000o}{subsection.1.5.4}% 19
\BOOKMARK [3][-]{subsubsection.1.5.4.2}{\376\377\000L\000i\000m\000i\000t\000a\000c\000i\000o\000n\000e\000s\000\040\000c\000o\000n\000t\000r\000a\000\040\000A\000m\000e\000n\000a\000z\000a\000s\000\040\000A\000d\000a\000p\000t\000a\000t\000i\000v\000a\000s}{subsection.1.5.4}% 20
\BOOKMARK [2][-]{subsection.1.5.5}{\376\377\000M\000e\000t\000o\000d\000o\000l\000o\000g\000\355\000a\000s\000\040\000d\000e\000\040\000I\000n\000v\000e\000s\000t\000i\000g\000a\000c\000i\000\363\000n}{section.1.5}% 21
\BOOKMARK [3][-]{subsubsection.1.5.5.1}{\376\377\000D\000e\000s\000i\000g\000n\000-\000B\000a\000s\000e\000d\000\040\000R\000e\000s\000e\000a\000r\000c\000h}{subsection.1.5.5}% 22
\BOOKMARK [3][-]{subsubsection.1.5.5.2}{\376\377\000B\000e\000h\000a\000v\000i\000o\000r\000-\000D\000r\000i\000v\000e\000n\000\040\000D\000e\000v\000e\000l\000o\000p\000m\000e\000n\000t}{subsection.1.5.5}% 23
\BOOKMARK [0][-]{chapter.2}{\376\377\000P\000R\000O\000B\000L\000E\000M\000\301\000T\000I\000C\000A}{}% 24
\BOOKMARK [1][-]{section.2.1}{\376\377\000P\000r\000o\000b\000l\000e\000m\000a\000\040\000C\000e\000n\000t\000r\000a\000l}{chapter.2}% 25
\BOOKMARK [1][-]{section.2.2}{\376\377\000A\000n\000\341\000l\000i\000s\000i\000s\000\040\000d\000e\000\040\000l\000a\000\040\000L\000i\000t\000e\000r\000a\000t\000u\000r\000a}{chapter.2}% 26
\BOOKMARK [2][-]{subsection.2.2.1}{\376\377\000D\000e\000f\000i\000n\000i\000c\000i\000\363\000n\000\040\000d\000e\000\040\000C\000r\000i\000t\000e\000r\000i\000o\000s\000\040\000d\000e\000\040\000A\000n\000\341\000l\000i\000s\000i\000s}{section.2.2}% 27
\BOOKMARK [2][-]{subsection.2.2.2}{\376\377\000C\000r\000i\000t\000e\000r\000i\000o\000s\000\040\000d\000e\000\040\000I\000n\000c\000l\000u\000s\000i\000\363\000n\000\040\000y\000\040\000E\000x\000c\000l\000u\000s\000i\000\363\000n}{section.2.2}% 28
\BOOKMARK [2][-]{subsection.2.2.3}{\376\377\000C\000a\000d\000e\000n\000a\000s\000\040\000d\000e\000\040\000B\000\372\000s\000q\000u\000e\000d\000a}{section.2.2}% 29
\BOOKMARK [1][-]{section.2.3}{\376\377\000P\000r\000e\000g\000u\000n\000t\000a\000s\000\040\000d\000e\000\040\000I\000n\000v\000e\000s\000t\000i\000g\000a\000c\000i\000\363\000n}{chapter.2}% 30
\BOOKMARK [0][-]{chapter.3}{\376\377\000D\000E\000S\000A\000R\000R\000O\000L\000L\000O\000\040\000M\000E\000T\000O\000D\000O\000L\000\323\000G\000I\000C\000O\000\040\000D\000E\000\040\000L\000A\000\040\000I\000N\000V\000E\000S\000T\000I\000G\000A\000C\000I\000\323\000N}{}% 31
\BOOKMARK [1][-]{section.3.1}{\376\377\000A\000r\000q\000u\000i\000t\000e\000c\000t\000u\000r\000a\000\040\000M\000e\000t\000o\000d\000o\000l\000\363\000g\000i\000c\000a\000\040\000H\000\355\000b\000r\000i\000d\000a\000\040\000E\000x\000t\000e\000n\000d\000i\000d\000a}{chapter.3}% 32
\BOOKMARK [1][-]{section.3.2}{\376\377\000F\000a\000s\000e\000\040\0001\000:\000\040\000D\000e\000s\000a\000r\000r\000o\000l\000l\000o\000\040\000G\000u\000i\000a\000d\000o\000\040\000p\000o\000r\000\040\000C\000o\000m\000p\000o\000r\000t\000a\000m\000i\000e\000n\000t\000o\000\040\000\050\000B\000D\000D\000\051}{chapter.3}% 33
\BOOKMARK [2][-]{subsection.3.2.1}{\376\377\000C\000o\000n\000f\000i\000g\000u\000r\000a\000c\000i\000\363\000n\000\040\000d\000e\000l\000\040\000E\000n\000t\000o\000r\000n\000o\000\040\000E\000x\000p\000e\000r\000i\000m\000e\000n\000t\000a\000l\000\040\000y\000\040\000A\000n\000\341\000l\000i\000s\000i\000s\000\040\000I\000n\000i\000c\000i\000a\000l}{section.3.2}% 34
\BOOKMARK [2][-]{subsection.3.2.2}{\376\377\000D\000e\000s\000a\000r\000r\000o\000l\000l\000o\000\040\000d\000e\000\040\000P\000e\000r\000f\000i\000l\000e\000s\000\040\000C\000o\000g\000n\000i\000t\000i\000v\000o\000s\000\040\000p\000a\000r\000a\000\040\000H\000u\000m\000a\000n\000i\000z\000a\000c\000i\000\363\000n\000\040\000C\000o\000m\000p\000o\000r\000t\000a\000m\000e\000n\000t\000a\000l}{section.3.2}% 35
\BOOKMARK [2][-]{subsection.3.2.3}{\376\377\000I\000m\000p\000l\000e\000m\000e\000n\000t\000a\000c\000i\000\363\000n\000\040\000I\000t\000e\000r\000a\000t\000i\000v\000a\000\040\000d\000e\000\040\000N\000e\000t\000w\000o\000r\000k\000\040\000D\000i\000s\000c\000o\000v\000e\000r\000y\000\040\000S\000i\000g\000i\000l\000o\000s\000o}{section.3.2}% 36
\BOOKMARK [2][-]{subsection.3.2.4}{\376\377\000D\000e\000s\000a\000r\000r\000o\000l\000l\000o\000\040\000I\000t\000e\000r\000a\000t\000i\000v\000o\000\040\000d\000e\000\040\000T\000\351\000c\000n\000i\000c\000a\000s\000\040\000d\000e\000\040\000F\000u\000e\000r\000z\000a\000\040\000B\000r\000u\000t\000a\000\040\000A\000v\000a\000n\000z\000a\000d\000a\000s}{section.3.2}% 37
\BOOKMARK [2][-]{subsection.3.2.5}{\376\377\000V\000a\000l\000i\000d\000a\000c\000i\000\363\000n\000\040\000d\000e\000\040\000E\000f\000e\000c\000t\000i\000v\000i\000d\000a\000d\000\040\000m\000e\000d\000i\000a\000n\000t\000e\000\040\000A\000n\000\341\000l\000i\000s\000i\000s\000\040\000C\000o\000m\000p\000a\000r\000a\000t\000i\000v\000o}{section.3.2}% 38
\BOOKMARK [1][-]{section.3.3}{\376\377\000F\000a\000s\000e\000\040\0002\000:\000\040\000I\000n\000v\000e\000s\000t\000i\000g\000a\000c\000i\000\363\000n\000\040\000B\000a\000s\000a\000d\000a\000\040\000e\000n\000\040\000D\000i\000s\000e\000\361\000o\000\040\000\050\000D\000B\000R\000\051}{chapter.3}% 39
\BOOKMARK [2][-]{subsection.3.3.1}{\376\377\000C\000i\000c\000l\000o\000\040\0001\000:\000\040\000A\000n\000\341\000l\000i\000s\000i\000s\000\040\000C\000o\000m\000p\000a\000r\000a\000t\000i\000v\000o\000\040\000d\000e\000\040\000T\000\351\000c\000n\000i\000c\000a\000s\000\040\000d\000e\000\040\000E\000v\000a\000s\000i\000\363\000n}{section.3.3}% 40
\BOOKMARK [2][-]{subsection.3.3.2}{\376\377\000C\000i\000c\000l\000o\000\040\0002\000:\000\040\000I\000m\000p\000l\000e\000m\000e\000n\000t\000a\000c\000i\000\363\000n\000\040\000d\000e\000\040\000S\000i\000s\000t\000e\000m\000a\000\040\000U\000l\000t\000i\000m\000a\000t\000e\000\040\000S\000t\000e\000a\000l\000t\000h}{section.3.3}% 41
\BOOKMARK [1][-]{section.3.4}{\376\377\000F\000a\000s\000e\000\040\0003\000:\000\040\000I\000m\000p\000l\000e\000m\000e\000n\000t\000a\000c\000i\000\363\000n\000\040\000A\000v\000a\000n\000z\000a\000d\000a\000\040\000c\000o\000n\000\040\000A\000g\000e\000n\000t\000e\000\040\000L\000L\000M}{chapter.3}% 42
\BOOKMARK [2][-]{subsection.3.4.1}{\376\377\000A\000n\000\341\000l\000i\000s\000i\000s\000\040\000d\000e\000\040\000P\000a\000t\000r\000o\000n\000e\000s\000\040\000C\000o\000n\000t\000e\000x\000t\000u\000a\000l\000e\000s\000\040\000p\000a\000r\000a\000\040\000D\000e\000t\000e\000c\000c\000i\000\363\000n\000\040\000d\000e\000\040\000G\000e\000n\000e\000r\000a\000c\000i\000\363\000n\000\040\000L\000L\000M}{section.3.4}% 43
\BOOKMARK [2][-]{subsection.3.4.2}{\376\377\000D\000e\000s\000a\000r\000r\000o\000l\000l\000o\000\040\000d\000e\000\040\000S\000i\000s\000t\000e\000m\000a\000\040\000I\000n\000t\000e\000g\000r\000a\000d\000o\000\040\000d\000e\000\040\000G\000e\000n\000e\000r\000a\000c\000i\000\363\000n\000\040\000y\000\040\000D\000e\000t\000e\000c\000c\000i\000\363\000n}{section.3.4}% 44
\BOOKMARK [2][-]{subsection.3.4.3}{\376\377\000D\000e\000s\000a\000r\000r\000o\000l\000l\000o\000\040\000d\000e\000\040\000R\000e\000g\000l\000a\000s\000\040\000I\000D\000S\000\040\000B\000a\000s\000a\000d\000a\000s\000\040\000e\000n\000\040\000P\000a\000t\000r\000o\000n\000e\000s\000\040\000C\000o\000n\000t\000e\000x\000t\000u\000a\000l\000e\000s}{section.3.4}% 45
\BOOKMARK [3][-]{subsubsection.3.4.3.1}{\376\377\000D\000e\000t\000e\000c\000c\000i\000\363\000n\000\040\000d\000e\000\040\000P\000a\000t\000r\000o\000n\000e\000s\000\040\000D\000o\000m\000i\000n\000a\000n\000t\000e\000s\000\040\000L\000L\000M}{subsection.3.4.3}% 46
\BOOKMARK [3][-]{subsubsection.3.4.3.2}{\376\377\000D\000e\000t\000e\000c\000c\000i\000\363\000n\000\040\000d\000e\000\040\000N\000e\000t\000w\000o\000r\000k\000\040\000D\000i\000s\000c\000o\000v\000e\000r\000y\000\040\000U\000l\000t\000r\000a\000-\000S\000i\000g\000i\000l\000o\000s\000o}{subsection.3.4.3}% 47
\BOOKMARK [3][-]{subsubsection.3.4.3.3}{\376\377\000D\000e\000t\000e\000c\000c\000i\000\363\000n\000\040\000d\000e\000\040\000B\000r\000u\000t\000e\000\040\000F\000o\000r\000c\000e\000\040\000c\000o\000n\000\040\000H\000u\000m\000a\000n\000i\000z\000a\000c\000i\000\363\000n\000\040\000A\000v\000a\000n\000z\000a\000d\000a}{subsection.3.4.3}% 48
\BOOKMARK [1][-]{section.3.5}{\376\377\000M\000\351\000t\000r\000i\000c\000a\000s\000\040\000y\000\040\000E\000v\000a\000l\000u\000a\000c\000i\000\363\000n\000\040\000d\000e\000l\000\040\000S\000i\000s\000t\000e\000m\000a\000\040\000H\000\355\000b\000r\000i\000d\000o}{chapter.3}% 49
\BOOKMARK [2][-]{subsection.3.5.1}{\376\377\000M\000\351\000t\000r\000i\000c\000a\000s\000\040\000C\000u\000a\000n\000t\000i\000t\000a\000t\000i\000v\000a\000s\000\040\000d\000e\000\040\000E\000f\000e\000c\000t\000i\000v\000i\000d\000a\000d}{section.3.5}% 50
\BOOKMARK [2][-]{subsection.3.5.2}{\376\377\000V\000a\000l\000i\000d\000a\000c\000i\000\363\000n\000\040\000d\000e\000\040\000T\000r\000a\000n\000s\000f\000e\000r\000i\000b\000i\000l\000i\000d\000a\000d\000\040\000d\000e\000l\000\040\000C\000o\000n\000o\000c\000i\000m\000i\000e\000n\000t\000o}{section.3.5}% 51
\BOOKMARK [0][-]{chapter.4}{\376\377\000R\000E\000S\000U\000L\000T\000A\000D\000O\000S}{}% 52
\BOOKMARK [1][-]{section.4.1}{\376\377\000R\000e\000s\000u\000l\000t\000a\000d\000o\000s\000\040\000d\000e\000\040\000l\000a\000\040\000F\000a\000s\000e\000\040\000B\000D\000D\000:\000\040\000D\000e\000s\000a\000r\000r\000o\000l\000l\000o\000\040\000T\000\351\000c\000n\000i\000c\000o}{chapter.4}% 53
\BOOKMARK [2][-]{subsection.4.1.1}{\376\377\000E\000f\000e\000c\000t\000i\000v\000i\000d\000a\000d\000\040\000d\000e\000\040\000T\000\351\000c\000n\000i\000c\000a\000s\000\040\000d\000e\000\040\000R\000e\000c\000o\000n\000o\000c\000i\000m\000i\000e\000n\000t\000o\000\040\000E\000v\000o\000l\000u\000t\000i\000v\000a\000s}{section.4.1}% 54
\BOOKMARK [2][-]{subsection.4.1.2}{\376\377\000A\000n\000\341\000l\000i\000s\000i\000s\000\040\000C\000o\000m\000p\000a\000r\000a\000t\000i\000v\000o\000\040\000d\000e\000\040\000P\000a\000t\000r\000o\000n\000e\000s\000\040\000d\000e\000\040\000G\000e\000n\000e\000r\000a\000c\000i\000\363\000n\000\040\000L\000L\000M}{section.4.1}% 55
\BOOKMARK [2][-]{subsection.4.1.3}{\376\377\000A\000n\000\341\000l\000i\000s\000i\000s\000\040\000d\000e\000\040\000C\000o\000n\000t\000r\000a\000s\000e\000\361\000a\000s\000\040\000C\000o\000n\000t\000e\000x\000t\000u\000a\000l\000e\000s\000\040\000E\000c\000u\000a\000t\000o\000r\000i\000a\000n\000a\000s}{section.4.1}% 56
\BOOKMARK [1][-]{section.4.2}{\376\377\000R\000e\000s\000u\000l\000t\000a\000d\000o\000s\000\040\000d\000e\000\040\000E\000v\000o\000l\000u\000c\000i\000\363\000n\000\040\000d\000e\000\040\000T\000\351\000c\000n\000i\000c\000a\000s\000\040\000d\000e\000\040\000F\000u\000e\000r\000z\000a\000\040\000B\000r\000u\000t\000a}{chapter.4}% 57
\BOOKMARK [2][-]{subsection.4.2.1}{\376\377\000P\000r\000o\000g\000r\000e\000s\000i\000\363\000n\000\040\000d\000e\000\040\000C\000a\000p\000a\000c\000i\000d\000a\000d\000e\000s\000\040\000d\000e\000\040\000E\000v\000a\000s\000i\000\363\000n}{section.4.2}% 58
\BOOKMARK [2][-]{subsection.4.2.2}{\376\377\000E\000f\000e\000c\000t\000i\000v\000i\000d\000a\000d\000\040\000d\000e\000\040\000T\000\351\000c\000n\000i\000c\000a\000s\000\040\000d\000e\000\040\000H\000u\000m\000a\000n\000i\000z\000a\000c\000i\000\363\000n\000\040\000C\000o\000m\000p\000o\000r\000t\000a\000m\000e\000n\000t\000a\000l}{section.4.2}% 59
\BOOKMARK [2][-]{subsection.4.2.3}{\376\377\000S\000i\000s\000t\000e\000m\000a\000\040\000d\000e\000\040\000R\000o\000t\000a\000c\000i\000\363\000n\000\040\000I\000n\000t\000e\000l\000i\000g\000e\000n\000t\000e\000\040\000d\000e\000\040\000P\000r\000o\000x\000i\000e\000s}{section.4.2}% 60
\BOOKMARK [1][-]{section.4.3}{\376\377\000R\000e\000s\000u\000l\000t\000a\000d\000o\000s\000\040\000d\000e\000\040\000l\000a\000\040\000F\000a\000s\000e\000\040\000D\000B\000R\000:\000\040\000A\000n\000\341\000l\000i\000s\000i\000s\000\040\000d\000e\000\040\000L\000i\000m\000i\000t\000a\000c\000i\000o\000n\000e\000s}{chapter.4}% 61
\BOOKMARK [2][-]{subsection.4.3.1}{\376\377\000V\000u\000l\000n\000e\000r\000a\000b\000i\000l\000i\000d\000a\000d\000e\000s\000\040\000I\000d\000e\000n\000t\000i\000f\000i\000c\000a\000d\000a\000s\000\040\000e\000n\000\040\000S\000N\000O\000R\000T\000\040\000I\000D\000S\000/\000I\000P\000S}{section.4.3}% 62
\BOOKMARK [2][-]{subsection.4.3.2}{\376\377\000E\000f\000e\000c\000t\000i\000v\000i\000d\000a\000d\000\040\000d\000e\000\040\000C\000o\000n\000t\000r\000a\000m\000e\000d\000i\000d\000a\000s\000\040\000P\000r\000o\000p\000u\000e\000s\000t\000a\000s}{section.4.3}% 63
\BOOKMARK [1][-]{section.4.4}{\376\377\000R\000e\000s\000u\000l\000t\000a\000d\000o\000s\000\040\000d\000e\000\040\000l\000a\000\040\000F\000a\000s\000e\000\040\000L\000L\000M\000:\000\040\000P\000a\000t\000r\000o\000n\000e\000s\000\040\000C\000o\000n\000t\000e\000x\000t\000u\000a\000l\000e\000s}{chapter.4}% 64
\BOOKMARK [2][-]{subsection.4.4.1}{\376\377\000R\000e\000g\000l\000a\000s\000\040\000S\000N\000O\000R\000T\000\040\000B\000a\000s\000a\000d\000a\000s\000\040\000e\000n\000\040\000P\000a\000t\000r\000o\000n\000e\000s\000\040\000d\000e\000\040\000G\000e\000n\000e\000r\000a\000c\000i\000\363\000n\000\040\000L\000L\000M}{section.4.4}% 65
\BOOKMARK [2][-]{subsection.4.4.2}{\376\377\000V\000a\000l\000i\000d\000a\000c\000i\000\363\000n\000\040\000E\000s\000t\000a\000d\000\355\000s\000t\000i\000c\000a\000\040\000d\000e\000\040\000R\000e\000s\000u\000l\000t\000a\000d\000o\000s}{section.4.4}% 66
\BOOKMARK [1][-]{section.4.5}{\376\377\000S\000\355\000n\000t\000e\000s\000i\000s\000\040\000d\000e\000\040\000R\000e\000s\000u\000l\000t\000a\000d\000o\000s\000\040\000P\000r\000i\000n\000c\000i\000p\000a\000l\000e\000s}{chapter.4}% 67
\BOOKMARK [0][-]{chapter.5}{\376\377\000C\000O\000N\000C\000L\000U\000S\000I\000O\000N\000E\000S}{}% 68
\BOOKMARK [1][-]{section.5.1}{\376\377\000V\000a\000l\000i\000d\000a\000c\000i\000\363\000n\000\040\000d\000e\000\040\000O\000b\000j\000e\000t\000i\000v\000o\000s\000\040\000d\000e\000\040\000I\000n\000v\000e\000s\000t\000i\000g\000a\000c\000i\000\363\000n}{chapter.5}% 69
\BOOKMARK [2][-]{subsection.5.1.1}{\376\377\000D\000e\000s\000a\000r\000r\000o\000l\000l\000o\000\040\000d\000e\000\040\000A\000t\000a\000q\000u\000e\000s\000\040\000P\000o\000t\000e\000n\000c\000i\000a\000d\000o\000s\000\040\000p\000o\000r\000\040\000L\000L\000M\000s}{section.5.1}% 70
\BOOKMARK [2][-]{subsection.5.1.2}{\376\377\000A\000n\000\341\000l\000i\000s\000i\000s\000\040\000d\000e\000\040\000P\000a\000t\000r\000o\000n\000e\000s\000\040\000d\000e\000\040\000G\000e\000n\000e\000r\000a\000c\000i\000\363\000n\000\040\000L\000L\000M}{section.5.1}% 71
\BOOKMARK [2][-]{subsection.5.1.3}{\376\377\000M\000e\000j\000o\000r\000a\000s\000\040\000I\000m\000p\000l\000e\000m\000e\000n\000t\000a\000d\000a\000s\000\040\000e\000n\000\040\000S\000i\000s\000t\000e\000m\000a\000s\000\040\000D\000e\000f\000e\000n\000s\000i\000v\000o\000s}{section.5.1}% 72
\BOOKMARK [1][-]{section.5.2}{\376\377\000H\000a\000l\000l\000a\000z\000g\000o\000s\000\040\000E\000x\000p\000e\000r\000i\000m\000e\000n\000t\000a\000l\000e\000s\000\040\000C\000r\000\355\000t\000i\000c\000o\000s}{chapter.5}% 73
\BOOKMARK [2][-]{subsection.5.2.1}{\376\377\000V\000u\000l\000n\000e\000r\000a\000b\000i\000l\000i\000d\000a\000d\000e\000s\000\040\000A\000r\000q\000u\000i\000t\000e\000c\000t\000\363\000n\000i\000c\000a\000s\000\040\000e\000n\000\040\000S\000i\000s\000t\000e\000m\000a\000s\000\040\000D\000e\000f\000e\000n\000s\000i\000v\000o\000s\000\040\000T\000r\000a\000d\000i\000c\000i\000o\000n\000a\000l\000e\000s}{section.5.2}% 74
\BOOKMARK [2][-]{subsection.5.2.2}{\376\377\000E\000f\000e\000c\000t\000i\000v\000i\000d\000a\000d\000\040\000d\000e\000\040\000T\000\351\000c\000n\000i\000c\000a\000s\000\040\000d\000e\000\040\000H\000u\000m\000a\000n\000i\000z\000a\000c\000i\000\363\000n\000\040\000C\000o\000m\000p\000o\000r\000t\000a\000m\000e\000n\000t\000a\000l}{section.5.2}% 75
\BOOKMARK [2][-]{subsection.5.2.3}{\376\377\000G\000e\000n\000e\000r\000a\000c\000i\000\363\000n\000\040\000C\000o\000n\000t\000e\000x\000t\000u\000a\000l\000\040\000d\000e\000\040\000C\000r\000e\000d\000e\000n\000c\000i\000a\000l\000e\000s\000\040\000D\000i\000r\000i\000g\000i\000d\000a\000s}{section.5.2}% 76
\BOOKMARK [1][-]{section.5.3}{\376\377\000C\000o\000n\000t\000r\000i\000b\000u\000c\000i\000o\000n\000e\000s\000\040\000C\000i\000e\000n\000t\000\355\000f\000i\000c\000a\000s\000\040\000y\000\040\000M\000e\000t\000o\000d\000o\000l\000\363\000g\000i\000c\000a\000s}{chapter.5}% 77
\BOOKMARK [2][-]{subsection.5.3.1}{\376\377\000F\000r\000a\000m\000e\000w\000o\000r\000k\000\040\000M\000e\000t\000o\000d\000o\000l\000\363\000g\000i\000c\000o\000\040\000H\000\355\000b\000r\000i\000d\000o\000\040\000B\000D\000D\000+\000D\000B\000R\000+\000L\000L\000M}{section.5.3}% 78
\BOOKMARK [2][-]{subsection.5.3.2}{\376\377\000T\000\351\000c\000n\000i\000c\000a\000s\000\040\000d\000e\000\040\000P\000r\000o\000m\000p\000t\000\040\000E\000n\000g\000i\000n\000e\000e\000r\000i\000n\000g\000\040\000E\000s\000p\000e\000c\000i\000a\000l\000i\000z\000a\000d\000a\000s}{section.5.3}% 79
\BOOKMARK [2][-]{subsection.5.3.3}{\376\377\000M\000o\000d\000e\000l\000o\000\040\000d\000e\000\040\000D\000e\000t\000e\000c\000c\000i\000\363\000n\000\040\000d\000e\000\040\000P\000a\000t\000r\000o\000n\000e\000s\000\040\000C\000o\000n\000t\000e\000x\000t\000u\000a\000l\000e\000s}{section.5.3}% 80
\BOOKMARK [1][-]{section.5.4}{\376\377\000I\000m\000p\000l\000i\000c\000a\000c\000i\000o\000n\000e\000s\000\040\000p\000a\000r\000a\000\040\000l\000a\000\040\000I\000n\000d\000u\000s\000t\000r\000i\000a\000\040\000d\000e\000\040\000C\000i\000b\000e\000r\000s\000e\000g\000u\000r\000i\000d\000a\000d}{chapter.5}% 81
\BOOKMARK [2][-]{subsection.5.4.1}{\376\377\000E\000v\000o\000l\000u\000c\000i\000\363\000n\000\040\000R\000e\000q\000u\000e\000r\000i\000d\000a\000\040\000e\000n\000\040\000S\000i\000s\000t\000e\000m\000a\000s\000\040\000D\000e\000f\000e\000n\000s\000i\000v\000o\000s}{section.5.4}% 82
\BOOKMARK [2][-]{subsection.5.4.2}{\376\377\000R\000e\000v\000i\000s\000i\000\363\000n\000\040\000d\000e\000\040\000P\000o\000l\000\355\000t\000i\000c\000a\000s\000\040\000O\000r\000g\000a\000n\000i\000z\000a\000c\000i\000o\000n\000a\000l\000e\000s}{section.5.4}% 83
\BOOKMARK [2][-]{subsection.5.4.3}{\376\377\000D\000e\000s\000a\000r\000r\000o\000l\000l\000o\000\040\000R\000e\000s\000p\000o\000n\000s\000a\000b\000l\000e\000\040\000d\000e\000\040\000L\000L\000M\000s}{section.5.4}% 84
\BOOKMARK [1][-]{section.5.5}{\376\377\000L\000i\000m\000i\000t\000a\000c\000i\000o\000n\000e\000s\000\040\000d\000e\000l\000\040\000E\000s\000t\000u\000d\000i\000o\000\040\000y\000\040\000T\000r\000a\000b\000a\000j\000o\000\040\000F\000u\000t\000u\000r\000o}{chapter.5}% 85
\BOOKMARK [2][-]{subsection.5.5.1}{\376\377\000A\000l\000c\000a\000n\000c\000e\000\040\000E\000x\000p\000e\000r\000i\000m\000e\000n\000t\000a\000l\000\040\000y\000\040\000T\000e\000m\000p\000o\000r\000a\000l}{section.5.5}% 86
\BOOKMARK [2][-]{subsection.5.5.2}{\376\377\000G\000e\000n\000e\000r\000a\000l\000i\000z\000a\000c\000i\000\363\000n\000\040\000G\000e\000o\000g\000r\000\341\000f\000i\000c\000a\000\040\000y\000\040\000C\000u\000l\000t\000u\000r\000a\000l}{section.5.5}% 87
\BOOKMARK [2][-]{subsection.5.5.3}{\376\377\000D\000i\000r\000e\000c\000c\000i\000o\000n\000e\000s\000\040\000p\000a\000r\000a\000\040\000I\000n\000v\000e\000s\000t\000i\000g\000a\000c\000i\000\363\000n\000\040\000F\000u\000t\000u\000r\000a}{section.5.5}% 88
\BOOKMARK [1][-]{section.5.6}{\376\377\000C\000o\000n\000s\000i\000d\000e\000r\000a\000c\000i\000o\000n\000e\000s\000\040\000\311\000t\000i\000c\000a\000s\000\040\000y\000\040\000M\000a\000r\000c\000o\000s\000\040\000N\000o\000r\000m\000a\000t\000i\000v\000o\000s}{chapter.5}% 89
\BOOKMARK [2][-]{subsection.5.6.1}{\376\377\000I\000n\000v\000e\000s\000t\000i\000g\000a\000c\000i\000\363\000n\000\040\000R\000e\000s\000p\000o\000n\000s\000a\000b\000l\000e\000\040\000e\000n\000\040\000C\000i\000b\000e\000r\000s\000e\000g\000u\000r\000i\000d\000a\000d}{section.5.6}% 90
\BOOKMARK [2][-]{subsection.5.6.2}{\376\377\000M\000a\000r\000c\000o\000s\000\040\000R\000e\000g\000u\000l\000a\000t\000o\000r\000i\000o\000s\000\040\000E\000m\000e\000r\000g\000e\000n\000t\000e\000s}{section.5.6}% 91
\BOOKMARK [1][-]{section.5.7}{\376\377\000C\000o\000n\000c\000l\000u\000s\000i\000\363\000n\000\040\000G\000e\000n\000e\000r\000a\000l}{chapter.5}% 92
\BOOKMARK [0][-]{chapter.6}{\376\377\000R\000E\000F\000E\000R\000E\000N\000C\000I\000A\000S\000\040\000B\000I\000B\000L\000I\000O\000G\000R\000\301\000F\000I\000C\000A\000S}{}% 93
\BOOKMARK [0][-]{section*.42}{\376\377\000A\000n\000e\000x\000o\000s}{}% 94
\BOOKMARK [0][-]{Appendix*.43}{\376\377\000A\000N\000E\000X\000O\000S}{}% 95
\BOOKMARK [1][-]{section*.44}{\376\377\000A\000n\000e\000x\000o\000\040\000A\000:\000\040\000R\000e\000p\000o\000s\000i\000t\000o\000r\000i\000o\000\040\000d\000e\000\040\000P\000r\000o\000m\000p\000t\000s\000\040\000d\000e\000\040\000E\000v\000a\000s\000i\000\363\000n}{Appendix*.43}% 96
\BOOKMARK [1][-]{section*.44}{\376\377\000A\000n\000e\000x\000o\000\040\000B\000:\000\040\000A\000r\000q\000u\000i\000t\000e\000c\000t\000u\000r\000a\000\040\000d\000e\000l\000\040\000S\000i\000s\000t\000e\000m\000a\000\040\000y\000\040\000C\000\363\000d\000i\000g\000o\000\040\000F\000u\000e\000n\000t\000e}{Appendix*.43}% 97
\BOOKMARK [1][-]{section*.44}{\376\377\000A\000n\000e\000x\000o\000\040\000C\000:\000\040\000C\000o\000n\000j\000u\000n\000t\000o\000\040\000d\000e\000\040\000R\000e\000g\000l\000a\000s\000\040\000I\000D\000S\000\040\000E\000s\000p\000e\000c\000i\000a\000l\000i\000z\000a\000d\000a\000s}{Appendix*.43}% 98
\BOOKMARK [1][-]{section*.44}{\376\377\000A\000n\000e\000x\000o\000\040\000D\000:\000\040\000I\000n\000f\000r\000a\000e\000s\000t\000r\000u\000c\000t\000u\000r\000a\000\040\000E\000x\000p\000e\000r\000i\000m\000e\000n\000t\000a\000l\000\040\000D\000i\000s\000t\000r\000i\000b\000u\000i\000d\000a}{Appendix*.43}% 99
\BOOKMARK [1][-]{section*.44}{\376\377\000A\000n\000e\000x\000o\000\040\000E\000:\000\040\000D\000a\000t\000a\000s\000e\000t\000\040\000C\000o\000n\000t\000e\000x\000t\000u\000a\000l\000i\000z\000a\000d\000o\000\040\000p\000a\000r\000a\000\040\000I\000n\000v\000e\000s\000t\000i\000g\000a\000c\000i\000\363\000n}{Appendix*.43}% 100
\BOOKMARK [1][-]{section*.44}{\376\377\000A\000n\000e\000x\000o\000\040\000F\000:\000\040\000C\000o\000n\000f\000i\000g\000u\000r\000a\000c\000i\000o\000n\000e\000s\000\040\000I\000D\000S\000\040\000O\000p\000t\000i\000m\000i\000z\000a\000d\000a\000s}{Appendix*.43}% 101
\BOOKMARK [1][-]{section*.44}{\376\377\000A\000n\000e\000x\000o\000\040\000G\000:\000\040\000F\000r\000a\000m\000e\000w\000o\000r\000k\000\040\000d\000e\000\040\000A\000n\000\341\000l\000i\000s\000i\000s\000\040\000y\000\040\000R\000e\000p\000o\000r\000t\000e\000r\000\355\000a}{Appendix*.43}% 102
\BOOKMARK [1][-]{section*.44}{\376\377\000A\000n\000e\000x\000o\000\040\000H\000:\000\040\000P\000e\000r\000s\000i\000s\000t\000e\000n\000c\000i\000a\000\040\000d\000e\000\040\000D\000a\000t\000o\000s\000\040\000y\000\040\000S\000i\000s\000t\000e\000m\000a\000\040\000d\000e\000\040\000L\000o\000g\000s}{Appendix*.43}% 103
\BOOKMARK [1][-]{section*.44}{\376\377\000A\000n\000e\000x\000o\000\040\000I\000:\000\040\000D\000o\000c\000u\000m\000e\000n\000t\000a\000c\000i\000\363\000n\000\040\000T\000\351\000c\000n\000i\000c\000a\000\040\000d\000e\000l\000\040\000P\000r\000o\000y\000e\000c\000t\000o}{Appendix*.43}% 104
\BOOKMARK [1][-]{section*.44}{\376\377\000A\000n\000e\000x\000o\000\040\000J\000:\000\040\000E\000s\000t\000r\000u\000c\000t\000u\000r\000a\000\040\000I\000n\000t\000e\000g\000r\000a\000l\000\040\000d\000e\000l\000\040\000P\000r\000o\000y\000e\000c\000t\000o}{Appendix*.43}% 105
